[5568:2500:2019-5-22 15:29:18.118] Main Start
[5568:2500:2019-5-22 15:29:18.118] Command line:"C:\Users\aghaj\Documents\NetBeansProjects\Chess\Zoom_f752d0f6d913b9df.exe"  Instance:0x12C0000 Show State:1
[5568:2500:2019-5-22 15:29:18.161] C:\
[5568:11816:2019-5-22 15:29:18.166] [process_requst] start, url:https://launcher.zoom.us/conf/pui
[5568:2500:2019-5-22 15:29:18.168] [client_has_installed_app] found path:
[5568:2500:2019-5-22 15:29:18.168]  ***NULL-POINTER-PLACEHOLDER***
[5568:2500:2019-5-22 15:29:18.169] [param_query_local_path] path is: C:\Users\aghaj\AppData\Roaming\Zoom\ZoomDownload\ dir create response : 1 system error: 1008
[5568:2500:2019-5-22 15:29:18.178] [downloader_run] State:0
[5568:14480:2019-5-22 15:29:18.179] [process_requst] start, url:https://launcher.zoom.us/upgrade?os=win
[5568:11816:2019-5-22 15:29:18.453] [req_state_read_status_code] zHttpQueryInfo complete, status:200
[5568:11816:2019-5-22 15:29:18.453] [req_state_read_status_code] zHttpQueryInfo complete, status:200 Error: 0
[5568:11816:2019-5-22 15:29:18.454] [log_response_content] Content length (1048576 as unknown):420 , Total read: 420 , Error No: 0 , Status code: 200
[5568:11816:2019-5-22 15:29:18.454] [log_response_content] header:
[5568:11816:2019-5-22 15:29:18.454] HTTP/1.1 200 OK
Date: Wed, 22 May 2019 19:29:16 GMT
Content-Type: text/plain;charset=UTF-8
Content-Length: 420
Connection: keep-alive
Server: ZOOM
x-zm-trackingid: WEB_667d8b94f6944b895698a9704c79b715
Set-Cookie: _zm_mtk_guid=f1fe3d2c8ee746a5880aabfcc0e3e637; Domain=.zoom.us; Expires=Mon, 09-Jun-2087 22:43:23 GMT; Path=/; Secure
X-Content-Type-Options: nosniff
Set-Cookie: cred=54C5F6C0E1E2379FAEC6C8C2FF8912B4; Path=/; Secure; HttpOnly
Set-Cookie: _zm_page_auth=aw1_c_dBJ4v383TVWhVXfkrAivrA; Domain=.zoom.us; Path=/; Secure; HttpOnly
p3p: CP="NOI ADM DEV PSAi COM NAV OUR OTR STP IND DEM"
Set-Cookie: _zm_ssid=aw1_c_GrAKO_PGSpyUKrI5DiUbWA; Domain=.zoom.us; Path=/; Secure; HttpOnly
Cache-Control: no-cache, no-store
Expires: Thu, 01 Jan 1970 00:00:00 GMT
Pragma: no-cache
Strict-Transport-Security: max-age=31536000
X-XSS-Protection: 1; mode=block


[5568:11816:2019-5-22 15:29:18.454] [process_requst] End for url:https://launcher.zoom.us/conf/pui, return code:200, Error:0, Response content size:420
[5568:2500:2019-5-22 15:29:18.467] [client_has_installed_app] found path:
[5568:2500:2019-5-22 15:29:18.468]  ***NULL-POINTER-PLACEHOLDER***
[5568:14480:2019-5-22 15:29:18.575] [req_state_read_status_code] zHttpQueryInfo complete, status:200
[5568:14480:2019-5-22 15:29:18.575] [req_state_read_status_code] zHttpQueryInfo complete, status:200 Error: 0
[5568:14480:2019-5-22 15:29:18.575] [log_response_content] Content length (1048576 as unknown):598 , Total read: 598 , Error No: 0 , Status code: 200
[5568:14480:2019-5-22 15:29:18.575] [log_response_content] header:
[5568:14480:2019-5-22 15:29:18.576] HTTP/1.1 200 OK
Date: Wed, 22 May 2019 19:29:16 GMT
Content-Type: text/plain;charset=UTF-8
Content-Length: 598
Connection: keep-alive
Server: ZOOM
x-zm-trackingid: WEB_6d72dbf217b68056a957757584b619ed
Set-Cookie: _zm_mtk_guid=f24b04f9980a4805a8c65f5ef2f49b0e; Domain=.zoom.us; Expires=Mon, 09-Jun-2087 22:43:23 GMT; Path=/; Secure
X-Content-Type-Options: nosniff
Set-Cookie: cred=2381802A8352D55D396AAE1C223B525D; Path=/; Secure; HttpOnly
Set-Cookie: _zm_page_auth=aw1_c_iwLUz1MvRN2HvsKO7icXog; Domain=.zoom.us; Path=/; Secure; HttpOnly
p3p: CP="NOI ADM DEV PSAi COM NAV OUR OTR STP IND DEM"
Set-Cookie: _zm_ssid=aw1_c_ghGRCnxSSZWttg_iFVJy5w; Domain=.zoom.us; Path=/; Secure; HttpOnly
Strict-Transport-Security: max-age=31536000
X-XSS-Protection: 1; mode=block


[5568:14480:2019-5-22 15:29:18.576] [process_requst] End for url:https://launcher.zoom.us/upgrade?os=win, return code:200, Error:0, Response content size:598
[5568:2500:2019-5-22 15:29:18.591] [handle_download_job_done] Index: 0 Curr index: 0 StatusCode: 200 Error: 0 Response: 
[5568:2500:2019-5-22 15:29:18.591] Check-sum=8697608c40da52e08ac24901f240a5ad;VCRed-sum=5689d43c3b201dd3810fa3bba4a6476a;fullmsi-sum=edb257dafeb685e5b4a0190de37204d2;fullcab-sum=bc7b9ce0c682ec9150ed094fa2bb2de5;fullsip-sum=6507ac662fb8753c8863278ff65d78d8;Installer-sum=230694c223e40b355d985e2f7c8deb07;Update-Option=1;Current-version=4.1.34814.1119;Download-root=https://launcher.zoom.us/client;Package-url=https://launcher.zoom.us/client/4.1.34814.1119/Zoom.msi?t=atupg;Package-name=Zoom.msi;Installer-name=Installer.exe;ahcab-name=Airhost.CAB;sipcab-name=Sipcall.CAB;codesnippet-name=codesnippet_win.zip;fullcab-name=ZoomFull.CAB;
[5568:14480:2019-5-22 15:29:18.631] [process_requst] start, url:https://launcher.zoom.us/client/4.1.34814.1119/Installer.exe?t=atupg
[5568:14480:2019-5-22 15:29:19.772] [req_state_read_status_code] zHttpQueryInfo complete, status:200
[5568:14480:2019-5-22 15:29:19.772] [req_state_read_status_code] zHttpQueryInfo complete, status:200 Error: 0
[5568:14480:2019-5-22 15:29:19.925] [read_response_file] Status Code:200, content length: 797016, total read: 797016, error code: 0
[5568:14480:2019-5-22 15:29:21.560] [process_requst] End for url:https://launcher.zoom.us/client/4.1.34814.1119/Installer.exe?t=atupg, return code:200, Error:0, Response content size:0
[5568:2500:2019-5-22 15:29:21.594] [handle_download_job_done] Index: 1 Curr index: 1 StatusCode: 200 Error: 0 Response is Empty. 
[5568:14480:2019-5-22 15:29:21.799] [process_requst] start, url:https://launcher.zoom.us/client/4.1.34814.1119/Zoom.msi?t=atupg
[5568:14480:2019-5-22 15:29:22.76] [req_state_read_status_code] zHttpQueryInfo complete, status:200
[5568:14480:2019-5-22 15:29:22.76] [req_state_read_status_code] zHttpQueryInfo complete, status:200 Error: 0
[5568:14480:2019-5-22 15:29:23.376] [read_response_file] Status Code:200, content length: 9461996, total read: 9461996, error code: 0
[5568:14480:2019-5-22 15:29:23.772] [process_requst] End for url:https://launcher.zoom.us/client/4.1.34814.1119/Zoom.msi?t=atupg, return code:200, Error:0, Response content size:0
[5568:2500:2019-5-22 15:29:23.780] [handle_download_job_done] Index: 2 Curr index: 2 StatusCode: 200 Error: 0 Response is Empty. 
[5568:2500:2019-5-22 15:29:23.807] C:\Users\aghaj\AppData\Roaming\Zoom\ZoomDownload\Installer.exe
[5568:2500:2019-5-22 15:29:23.807] ZInstaller --conf.mode=silent --ipc_wnd=787676
[5568:2500:2019-5-22 15:29:25.83] [launch_silent_install] Installer process created, result:42
[5568:2500:2019-5-22 15:29:42.482] C:\Users\aghaj\AppData\Roaming\Zoom\bin\Zoom.exe
[5568:2500:2019-5-22 15:29:42.490] client_launch_app: 
[5568:2500:2019-5-22 15:29:42.490] C:\Users\aghaj\AppData\Roaming\Zoom\bin\Zoom.exe
[5568:2500:2019-5-22 15:29:42.490] "--url=zoommtg://win.launch?action=join&browser=chrome&confid=dXNzPTg4YTg4Y2M1Lk5VTlhTTzRMTE00ankwdlpJMUVnYTk1SlpDb3ZUakczRXU3c19wMmVCWE1COXhOdTFQMEw3bWpTMkY2T2Q4UG5DeUVQbm5Gbk9fU1hpTEk0ZXA2bjZBJnRpZD02MzZlZThjMzYyMDA0MjMxOWUxYmMwYzBjN2JiNDVkNQ%3D%3D&confno=741138641&mcv=0.92.11227.0929&zc=0"
[5568:2500:2019-5-22 15:29:42.788] [client_launch_app] Zoom app process created, result:42
[5568:2500:2019-5-22 15:29:42.857] Main End
